app/build/intermediates/manifest_merge_blame_file/debug/manifest-merger-blame-debug-report.txt
1<?xml version="1.0" encoding="utf-8"?>
2<manifest xmlns:android="http://schemas.android.com/apk/res/android"
3    package="com.farzain.watchmovie"
4    android:versionCode="1"
5    android:versionName="1.0" >
6
7    <uses-sdk
8        android:minSdkVersion="21"
8-->src\main\AndroidManifest.xml
9        android:targetSdkVersion="29" />
9-->src\main\AndroidManifest.xml
10
11    <uses-permission android:name="android.permission.INTERNET" />
11-->src\main\AndroidManifest.xml:5:5-67
11-->src\main\AndroidManifest.xml:5:22-64
12    <uses-permission android:name="android.permission.ACCESS_NETWORK_STATE" />
12-->src\main\AndroidManifest.xml:6:5-79
12-->src\main\AndroidManifest.xml:6:22-76
13    <uses-permission android:name="android.permission.WAKE_LOCK" />
13-->src\main\AndroidManifest.xml:7:5-68
13-->src\main\AndroidManifest.xml:7:22-65
14    <uses-permission android:name="android.permission.VIBRATE" />
14-->src\main\AndroidManifest.xml:8:5-66
14-->src\main\AndroidManifest.xml:8:22-63
15
16    <permission
16-->src\main\AndroidManifest.xml:10:5-12:44
17        android:name="com.farzain.watchmovie.READ_DATABASE"
17-->src\main\AndroidManifest.xml:11:9-60
18        android:protectionLevel="normal" />
18-->src\main\AndroidManifest.xml:12:9-41
19    <permission
19-->src\main\AndroidManifest.xml:13:5-15:44
20        android:name="com.farzain.watchmovie.WRITE_DATABASE"
20-->src\main\AndroidManifest.xml:14:9-61
21        android:protectionLevel="normal" />
21-->src\main\AndroidManifest.xml:15:9-41
22
23    <uses-permission android:name="com.farzain.watchmovie.UPDATE_WIDGET_DATA" />
23-->src\main\AndroidManifest.xml:17:5-81
23-->src\main\AndroidManifest.xml:17:22-78
24
25    <application
25-->src\main\AndroidManifest.xml:19:5-68:19
26        android:allowBackup="true"
26-->src\main\AndroidManifest.xml:20:9-35
27        android:appComponentFactory="androidx.core.app.CoreComponentFactory"
27-->[androidx.core:core:1.1.0] AndroidManifest.xml:24:18-86
28        android:debuggable="true"
29        android:icon="@mipmap/ic_launcher"
29-->src\main\AndroidManifest.xml:21:9-43
30        android:label="@string/app_name"
30-->src\main\AndroidManifest.xml:22:9-41
31        android:roundIcon="@mipmap/ic_launcher_round"
31-->src\main\AndroidManifest.xml:23:9-54
32        android:supportsRtl="true"
32-->src\main\AndroidManifest.xml:24:9-35
33        android:theme="@style/AppTheme"
33-->src\main\AndroidManifest.xml:25:9-40
34        android:usesCleartextTraffic="true" >
34-->src\main\AndroidManifest.xml:26:9-44
35        <receiver
35-->src\main\AndroidManifest.xml:27:9-30:48
36            android:name="com.farzain.watchmovie.reminder.ReleaseReminderReceiver"
36-->src\main\AndroidManifest.xml:28:13-61
37            android:enabled="true"
37-->src\main\AndroidManifest.xml:29:13-35
38            android:exported="true" />
38-->src\main\AndroidManifest.xml:30:13-36
39        <receiver
39-->src\main\AndroidManifest.xml:31:9-34:39
40            android:name="com.farzain.watchmovie.reminder.DailyReminderReceiver"
40-->src\main\AndroidManifest.xml:32:13-59
41            android:enabled="true"
41-->src\main\AndroidManifest.xml:33:13-35
42            android:exported="true" />
42-->src\main\AndroidManifest.xml:34:13-36
43
44        <provider
44-->src\main\AndroidManifest.xml:36:9-40:39
45            android:name="com.farzain.watchmovie.db.FavoriteProvider"
45-->src\main\AndroidManifest.xml:37:13-48
46            android:authorities="com.farzain.watchmovie"
46-->src\main\AndroidManifest.xml:38:13-57
47            android:enabled="true"
47-->src\main\AndroidManifest.xml:39:13-35
48            android:exported="true" />
48-->src\main\AndroidManifest.xml:40:13-36
49
50        <service
50-->src\main\AndroidManifest.xml:42:9-44:72
51            android:name="com.farzain.watchmovie.widget.FavoriteStackWidgetService"
51-->src\main\AndroidManifest.xml:43:13-62
52            android:permission="android.permission.BIND_REMOTEVIEWS" />
52-->src\main\AndroidManifest.xml:44:13-69
53
54        <receiver android:name="com.farzain.watchmovie.widget.FavoriteImageBannerWidget" >
54-->src\main\AndroidManifest.xml:46:9-54:20
54-->src\main\AndroidManifest.xml:46:19-67
55            <intent-filter>
55-->src\main\AndroidManifest.xml:47:13-49:29
56                <action android:name="android.appwidget.action.APPWIDGET_UPDATE" />
56-->src\main\AndroidManifest.xml:48:17-84
56-->src\main\AndroidManifest.xml:48:25-81
57            </intent-filter>
58
59            <meta-data
59-->src\main\AndroidManifest.xml:51:13-53:77
60                android:name="android.appwidget.provider"
60-->src\main\AndroidManifest.xml:52:17-58
61                android:resource="@xml/favorite_image_banner_widget_info" />
61-->src\main\AndroidManifest.xml:53:17-74
62        </receiver>
63
64        <activity android:name="com.farzain.watchmovie.activity.ReminderActivity" />
64-->src\main\AndroidManifest.xml:56:9-63
64-->src\main\AndroidManifest.xml:56:19-60
65        <activity android:name="com.farzain.watchmovie.activity.SeriesInfoActivity" />
65-->src\main\AndroidManifest.xml:57:9-65
65-->src\main\AndroidManifest.xml:57:19-62
66        <activity android:name="com.farzain.watchmovie.activity.MovieInfoActivity" />
66-->src\main\AndroidManifest.xml:58:9-64
66-->src\main\AndroidManifest.xml:58:19-61
67        <activity
67-->src\main\AndroidManifest.xml:59:9-67:20
68            android:name="com.farzain.watchmovie.MainActivity"
68-->src\main\AndroidManifest.xml:60:13-41
69            android:label="@string/app_name" >
69-->src\main\AndroidManifest.xml:61:13-45
70            <intent-filter>
70-->src\main\AndroidManifest.xml:62:13-66:29
71                <action android:name="android.intent.action.MAIN" />
71-->src\main\AndroidManifest.xml:63:17-69
71-->src\main\AndroidManifest.xml:63:25-66
72
73                <category android:name="android.intent.category.LAUNCHER" />
73-->src\main\AndroidManifest.xml:65:17-77
73-->src\main\AndroidManifest.xml:65:27-74
74            </intent-filter>
75        </activity>
76
77        <provider
77-->[androidx.lifecycle:lifecycle-process:2.2.0] AndroidManifest.xml:25:9-29:43
78            android:name="androidx.lifecycle.ProcessLifecycleOwnerInitializer"
78-->[androidx.lifecycle:lifecycle-process:2.2.0] AndroidManifest.xml:26:13-79
79            android:authorities="com.farzain.watchmovie.lifecycle-process"
79-->[androidx.lifecycle:lifecycle-process:2.2.0] AndroidManifest.xml:27:13-69
80            android:exported="false"
80-->[androidx.lifecycle:lifecycle-process:2.2.0] AndroidManifest.xml:28:13-37
81            android:multiprocess="true" />
81-->[androidx.lifecycle:lifecycle-process:2.2.0] AndroidManifest.xml:29:13-40
82    </application>
83
84</manifest>